<?xml version="1.0" encoding="UTF-8" ?>
<testsuite tests="6" failures="0" name="com.demo.digital.testautomation.testrunner.TestRunner" time="3.919" errors="0" skipped="0">
  <properties>
[...]
</properties>
  <testcase classname="Scenario: API Validation 01: CountyCode is missing in the request" name="Given that I send a request to document upload API with missing country code" time="0.006"/>
  <testcase classname="Scenario: API Validation 01: CountyCode is missing in the request" name="Then the response code is &quot;400&quot;" time="0"/>
  <testcase classname="Scenario: API Validation 01: CountyCode is missing in the request" name="Scenario: API Validation 01: CountyCode is missing in the request" time="3.832"/>
  <testcase classname="Scenario: API Validation 02: Folder Id is less than 10 characters" name="Given that I send a request to document upload API with folder Id less than 10 characters" time="0"/>
  <testcase classname="Scenario: API Validation 02: Folder Id is less than 10 characters" name="Then the response code is &quot;400&quot;" time="0"/>
  <testcase classname="Scenario: API Validation 02: Folder Id is less than 10 characters" name="Scenario: API Validation 02: Folder Id is less than 10 characters" time="0.081"/>
</testsuite>